<?xml version="1.0" encoding="UTF-8"?>
<!-- Generated by org.testng.reporters.JUnitReportReporter -->
<testsuite skipped="0" hostname="dell" name="Academy.ETEProject.validateNavBarTest" tests="1" failures="0" timestamp="2021-01-21T18:27:02 IST" time="4.127" errors="0">
  <testcase name="navBardisplay" time="4.127" classname="Academy.ETEProject.validateNavBarTest"/>
  <system-out/>
</testsuite> <!-- Academy.ETEProject.validateNavBarTest -->
