<?xml version="1.0" encoding="UTF-8"?>
<!-- Generated by org.testng.reporters.JUnitReportReporter -->
<testsuite skipped="0" hostname="dell" name="Academy.ETEProject.validateTitleTest" tests="1" failures="0" timestamp="2021-01-21T18:27:02 IST" time="0.686" errors="0">
  <testcase name="ValidateTitle" time="0.686" classname="Academy.ETEProject.validateTitleTest"/>
  <system-out/>
</testsuite> <!-- Academy.ETEProject.validateTitleTest -->
