<?xml version="1.0" encoding="UTF-8"?>
<!-- Generated by org.testng.reporters.JUnitReportReporter -->
<testsuite skipped="0" hostname="dell" name="Academy.ETEProject.HomePageTest" tests="2" failures="0" timestamp="2021-01-21T18:27:02 IST" time="34.841" errors="0">
  <testcase name="HomePageLaunch" time="17.481" classname="Academy.ETEProject.HomePageTest"/>
  <system-out/>
  <testcase name="HomePageLaunch" time="17.360" classname="Academy.ETEProject.HomePageTest"/>
  <system-out/>
</testsuite> <!-- Academy.ETEProject.HomePageTest -->
